<?xml version="1.0" encoding="UTF-8"?>
<testng-results ignored="0" total="7" passed="7" failed="0" skipped="0">
  <reporter-output>
  </reporter-output>
  <suite started-at="2024-04-30T22:12:25 GST" name="Default suite" finished-at="2024-04-30T22:12:25 GST" duration-ms="588">
    <groups>
    </groups>
    <test started-at="2024-04-30T22:12:25 GST" name="Default test" finished-at="2024-04-30T22:12:25 GST" duration-ms="588">
      <class name="Test.UnitTest">
        <test-method signature="testCampaignDeleted()[pri:0, instance:Test.UnitTest@cb0755b]" started-at="2024-04-30T22:12:25 GST" name="testCampaignDeleted" finished-at="2024-04-30T22:12:25 GST" duration-ms="173" status="PASS">
          <reporter-output>
          </reporter-output>
        </test-method> <!-- testCampaignDeleted -->
        <test-method signature="testDonationDeleted()[pri:0, instance:Test.UnitTest@cb0755b]" started-at="2024-04-30T22:12:25 GST" name="testDonationDeleted" finished-at="2024-04-30T22:12:25 GST" duration-ms="7" status="PASS">
          <reporter-output>
          </reporter-output>
        </test-method> <!-- testDonationDeleted -->
        <test-method signature="testGetDonor()[pri:0, instance:Test.UnitTest@cb0755b]" started-at="2024-04-30T22:12:25 GST" name="testGetDonor" finished-at="2024-04-30T22:12:25 GST" duration-ms="30" status="PASS">
          <reporter-output>
          </reporter-output>
        </test-method> <!-- testGetDonor -->
        <test-method signature="testLogin()[pri:0, instance:Test.UnitTest@cb0755b]" started-at="2024-04-30T22:12:25 GST" name="testLogin" finished-at="2024-04-30T22:12:25 GST" duration-ms="303" status="PASS">
          <reporter-output>
          </reporter-output>
        </test-method> <!-- testLogin -->
        <test-method signature="testNicUsed()[pri:0, instance:Test.UnitTest@cb0755b]" started-at="2024-04-30T22:12:25 GST" name="testNicUsed" finished-at="2024-04-30T22:12:25 GST" duration-ms="5" status="PASS">
          <reporter-output>
          </reporter-output>
        </test-method> <!-- testNicUsed -->
        <test-method signature="testgetAdminType()[pri:0, instance:Test.UnitTest@cb0755b]" started-at="2024-04-30T22:12:25 GST" name="testgetAdminType" finished-at="2024-04-30T22:12:25 GST" duration-ms="7" status="PASS">
          <reporter-output>
          </reporter-output>
        </test-method> <!-- testgetAdminType -->
        <test-method signature="testgetDonorType()[pri:0, instance:Test.UnitTest@cb0755b]" started-at="2024-04-30T22:12:25 GST" name="testgetDonorType" finished-at="2024-04-30T22:12:25 GST" duration-ms="7" status="PASS">
          <reporter-output>
          </reporter-output>
        </test-method> <!-- testgetDonorType -->
      </class> <!-- Test.UnitTest -->
    </test> <!-- Default test -->
  </suite> <!-- Default suite -->
</testng-results>
