<?xml version="1.0" encoding="UTF-8"?>
<testng-results ignored="0" total="2" passed="2" failed="0" skipped="0">
  <reporter-output>
  </reporter-output>
  <suite started-at="2024-04-29T22:42:05 GST" name="Default suite" finished-at="2024-04-29T22:42:06 GST" duration-ms="268">
    <groups>
    </groups>
    <test started-at="2024-04-29T22:42:05 GST" name="Default test" finished-at="2024-04-29T22:42:06 GST" duration-ms="268">
      <class name="Test.DonorCRUDTest">
        <test-method signature="testGetDonor()[pri:0, instance:Test.DonorCRUDTest@3a7442c7]" started-at="2024-04-29T22:42:05 GST" name="testGetDonor" finished-at="2024-04-29T22:42:06 GST" duration-ms="208" status="PASS">
          <reporter-output>
          </reporter-output>
        </test-method> <!-- testGetDonor -->
        <test-method signature="testNicUsed()[pri:0, instance:Test.DonorCRUDTest@3a7442c7]" started-at="2024-04-29T22:42:06 GST" name="testNicUsed" finished-at="2024-04-29T22:42:06 GST" duration-ms="7" status="PASS">
          <reporter-output>
          </reporter-output>
        </test-method> <!-- testNicUsed -->
      </class> <!-- Test.DonorCRUDTest -->
    </test> <!-- Default test -->
  </suite> <!-- Default suite -->
</testng-results>
